2022-05-31 10:45:24 - INFO: ----- START getRegisterScreenshot.py - CON0000030735 - isProduction False -----
2022-05-31 10:45:25 - INFO: CON0000030735: Addresses 12
2022-05-31 10:45:25 - INFO: Looking for DE: TELEFLEX MEDICAL GMBH in Fellbach...
2022-05-31 10:45:40 - INFO:     Match (0): Teleflex Medical GmbH-Fellbach
2022-05-31 10:45:45 - INFO: Looking for DE: H.C. STARCK in HERMSDORF...
2022-05-31 10:46:01 - INFO:     Match (0): H.C. Starck Hermsdorf GmbH-Hermsdorf
2022-05-31 10:46:06 - INFO: Looking for DE: DHL GLOBAL FORWARDING GMBH in FRANKFURT AM MAIN...
2022-05-31 10:46:22 - INFO:     Match (0): DHL Global Forwarding GmbH-Frankfurt am Main
2022-05-31 10:46:26 - INFO: Looking for DE: HELMUT HUND GMBH in Wetzlar...
2022-05-31 10:46:41 - INFO:     Match (0): Helmut Hund GmbH-Wetzlar
2022-05-31 10:46:54 - INFO: Looking for DE: ENSINGER GmbH in Cham...
2022-05-31 10:47:11 - INFO:    Match (1): Ensinger GmbH
2022-05-31 10:47:11 - INFO:    Match (1): Ensinger GmbH
2022-05-31 10:47:16 - INFO: Looking for DE: ETO-TEC GMBH in Essen...
2022-05-31 10:47:31 - INFO:     Match (0): ETO-TEC GmbH-Essen
2022-05-31 10:47:35 - INFO: Looking for DE: HETTIG GERMAN PRECISION in Solingen...
2022-05-31 10:47:50 - INFO:     Match (0): HETTIG GERMAN PRECISION e.K.-Solingen
2022-05-31 10:47:55 - INFO: Looking for BE: BV FRACHT BELGIUM AIR in MACHELEN...
2022-05-31 10:48:22 - INFO:  no match
2022-05-31 10:48:28 - INFO: Looking for US: DHL SAME DAY TRADING AS SKY COURIER in Sterling...
2022-05-31 10:49:03 - INFO:  no match
2022-05-31 10:49:09 - INFO: Looking for US: ALPHA-OMEGA SERVICES INC in Bellflower...
2022-05-31 10:49:42 - ERROR: Error in findDBHoovers: 'WebElement' object is not subscriptable
2022-05-31 10:49:45 - INFO: Looking for DE: DEUTSCHES ELEKTRONEN-SYNCHROTRON DESY in Hamburg...
2022-05-31 10:50:33 - ERROR: Error in findDBHoovers: 'WebElement' object is not subscriptable
2022-05-31 10:50:35 - INFO: Looking for NL: CURIUM NETHERLANDS B.V. in ZG Petten...
2022-05-31 11:04:07 - INFO: ----- START getRegisterScreenshot.py - CON0000030735 - isProduction False -----
2022-05-31 11:04:07 - INFO: CON0000030735: Addresses 12
2022-05-31 11:04:07 - INFO: Looking for DE: TELEFLEX MEDICAL GMBH in Fellbach...
2022-05-31 11:04:23 - INFO:     Match (0): Teleflex Medical GmbH-Fellbach
2022-05-31 11:04:25 - INFO: Looking for DE: H.C. STARCK in HERMSDORF...
2022-05-31 11:04:42 - INFO:     Match (0): H.C. Starck Hermsdorf GmbH-Hermsdorf
2022-05-31 11:04:44 - INFO: Looking for DE: DHL GLOBAL FORWARDING GMBH in FRANKFURT AM MAIN...
2022-05-31 11:04:59 - INFO:     Match (0): DHL Global Forwarding GmbH-Frankfurt am Main
2022-05-31 11:05:01 - INFO: Looking for DE: HELMUT HUND GMBH in Wetzlar...
2022-05-31 11:05:16 - INFO:     Match (0): Helmut Hund GmbH-Wetzlar
2022-05-31 11:05:22 - INFO: Looking for DE: ENSINGER GmbH in Cham...
2022-05-31 11:05:40 - INFO:    Match (1): Ensinger GmbH
2022-05-31 11:05:40 - INFO:    Match (1): Ensinger GmbH
2022-05-31 11:05:42 - INFO: Looking for DE: ETO-TEC GMBH in Essen...
2022-05-31 11:06:16 - INFO:  no match
2022-05-31 11:06:48 - ERROR: Error in findDBHoovers: 'WebElement' object does not support indexing
2022-05-31 11:06:55 - INFO: Looking for DE: HETTIG GERMAN PRECISION in Solingen...
2022-05-31 11:07:09 - INFO:     Match (0): HETTIG GERMAN PRECISION e.K.-Solingen
2022-05-31 11:07:11 - INFO: Looking for BE: BV FRACHT BELGIUM AIR in MACHELEN...
2022-05-31 11:07:37 - INFO:  no match
2022-05-31 11:07:42 - INFO: Looking for US: DHL SAME DAY TRADING AS SKY COURIER in Sterling...
2022-05-31 11:08:09 - INFO:  no match
2022-05-31 11:08:13 - INFO: Looking for US: ALPHA-OMEGA SERVICES INC in Bellflower...
2022-05-31 11:08:52 - ERROR: Error in findDBHoovers: 'WebElement' object does not support indexing
2022-05-31 11:08:58 - INFO: Looking for DE: DEUTSCHES ELEKTRONEN-SYNCHROTRON DESY in Hamburg...
2022-05-31 11:09:43 - ERROR: Error in findDBHoovers: 'WebElement' object does not support indexing
2022-05-31 11:09:49 - INFO: Looking for NL: CURIUM NETHERLANDS B.V. in ZG Petten...
2022-05-31 11:10:21 - ERROR: Error in findDBHoovers: 'WebElement' object does not support indexing
2022-05-31 11:10:28 - INFO: ----- START getRegisterScreenshot.py - CON0000030798 - isProduction False -----
2022-05-31 11:10:34 - INFO: CON0000030798: Addresses 5
2022-05-31 11:10:34 - INFO: Looking for DE: CPI books GmbH in Ulm...
2022-05-31 11:10:50 - INFO:    Match (1): CPI books GmbH
2022-05-31 11:10:52 - INFO: Looking for AT: Mondi Paper Sales GmbH in Wien...
2022-05-31 11:11:26 - ERROR: Error in findDBHoovers: 'WebElement' object does not support indexing
2022-05-31 11:11:33 - INFO: Looking for DE: Geiger GmbH & Co.KG in Sasbach...
2022-05-31 11:11:55 - ERROR: Error in findHandelsregister: Message: chrome not reachable
  (Session info: chrome=102.0.5005.63)
Best match couldnt be found in column-list
2022-05-31 11:11:56 - ERROR: Error in Main: Message: chrome not reachable
  (Session info: chrome=102.0.5005.63)

2022-05-31 11:33:16 - INFO: ----- START getRegisterScreenshot.py - CON0000030735 - isProduction False -----
2022-05-31 11:33:17 - INFO: CON0000030735: Addresses 12
2022-05-31 11:33:17 - INFO: Looking for DE: TELEFLEX MEDICAL GMBH in Fellbach...
2022-05-31 11:33:32 - INFO:     Match (0): Teleflex Medical GmbH-Fellbach
2022-05-31 11:33:34 - INFO: Looking for DE: H.C. STARCK in HERMSDORF...
2022-05-31 11:33:50 - INFO:     Match (0): H.C. Starck Hermsdorf GmbH-Hermsdorf
2022-05-31 11:33:52 - INFO: Looking for DE: DHL GLOBAL FORWARDING GMBH in FRANKFURT AM MAIN...
2022-05-31 11:34:08 - INFO:     Match (0): DHL Global Forwarding GmbH-Frankfurt am Main
2022-05-31 11:34:10 - INFO: Looking for DE: HELMUT HUND GMBH in Wetzlar...
2022-05-31 11:34:47 - INFO:  no match
2022-05-31 11:35:20 - ERROR: Error in findDBHoovers: Message: no such element: Unable to locate element: {"method":"css selector","selector":"ant-table-tbody"}
  (Session info: chrome=102.0.5005.63)

2022-05-31 11:35:26 - INFO: Looking for DE: ENSINGER GmbH in Cham...
2022-05-31 11:35:44 - INFO:    Match (1): Ensinger GmbH
2022-05-31 11:35:44 - INFO:    Match (1): Ensinger GmbH
2022-05-31 11:35:46 - INFO: Looking for DE: ETO-TEC GMBH in Essen...
2022-05-31 11:36:02 - INFO:     Match (0): ETO-TEC GmbH-Essen
2022-05-31 11:36:05 - INFO: Looking for DE: HETTIG GERMAN PRECISION in Solingen...
2022-05-31 11:36:21 - INFO:     Match (0): HETTIG GERMAN PRECISION e.K.-Solingen
2022-05-31 11:36:23 - INFO: Looking for BE: BV FRACHT BELGIUM AIR in MACHELEN...
2022-05-31 11:37:05 - ERROR: Error in findDBHoovers: Message: no such element: Unable to locate element: {"method":"css selector","selector":"ant-table-tbody"}
  (Session info: chrome=102.0.5005.63)

2022-05-31 11:37:11 - INFO: Looking for US: DHL SAME DAY TRADING AS SKY COURIER in Sterling...
2022-05-31 12:52:24 - INFO: ----- START getRegisterScreenshot.py - CON0000030898 - isProduction False -----
2022-05-31 12:52:24 - INFO: CON0000030898: Addresses 5
2022-05-31 12:52:24 - INFO: Looking for DE: Finanz Informatik Technologie Service GmbH & Co. KG in Haar...
2022-05-31 12:52:40 - INFO:     Match (0): Finanz Informatik Technologie Service GmbH & Co. KG-Haar
2022-05-31 12:52:42 - INFO: Looking for DE: Deutsche Bank AG in Eschborn...
2022-05-31 12:53:01 - INFO:  no match
2022-05-31 12:53:36 - INFO:     Match (2): DEUTSCHE BANK AG-Jakarta Pusat
2022-05-31 12:53:58 - INFO: Looking for DE: Commerzbank AG in Frankfurt...
2022-05-31 12:54:14 - INFO:  no match
2022-05-31 12:54:51 - INFO:     Match (2): COMMERZBANK AG-Shinagawa-Ku
2022-05-31 12:55:11 - INFO: Looking for DE: Deutsche Pfandbriefbank AG in Garching...
2022-05-31 12:55:27 - INFO:    Match (1): Deutsche Pfandbriefbank AG
2022-05-31 12:55:28 - INFO: Looking for DE: ITERGO Informationstechnologie GmbH in Düsseldorf...
2022-05-31 12:55:34 - ERROR: Error in findHandelsregister: Message: element click intercepted: Element <label id="form:ergebnisseProSeite_label" class="ui-selectonemenu-label ui-inputfield ui-corner-all">...</label> is not clickable at point (968, 1027). Other element would receive the click: <a href="#page-wrapper">...</a>
  (Session info: chrome=102.0.5005.63)
Best match couldnt be found in column-list
2022-05-31 12:56:10 - INFO:     Match (2): ITERGO Informationstechnologie GmbH-Düsseldorf
2022-05-31 13:26:11 - INFO: ----- START getRegisterScreenshot.py - CON0000030789 - isProduction False -----
2022-05-31 13:26:11 - INFO: CON0000030789: Addresses 0
2022-05-31 13:26:11 - INFO: ----- START getRegisterScreenshot.py - CON0000030933 - isProduction False -----
2022-05-31 13:26:12 - INFO: CON0000030933: Addresses 1
2022-05-31 13:26:12 - INFO: Looking for DE: Commerzbank Rostock-Rostock in Rostock...
2022-05-31 13:26:52 - INFO:  no match
2022-05-31 13:31:17 - INFO: ----- START getRegisterScreenshot.py - CON0000030944 - isProduction False -----
2022-05-31 13:31:18 - INFO: CON0000030944: Addresses 3
2022-05-31 13:31:18 - INFO: Looking for DE: JACOBS GmbH in Aachen...
2022-05-31 13:31:49 - INFO:    Match (1): Jacobs GmbH
2022-05-31 13:31:49 - INFO:    Match (1): Jacobs GmbH
2022-05-31 13:31:52 - INFO: Looking for DE: Wahlen & Schabbach Elektroinstallations GmbH in Weiskirchen...
2022-05-31 13:32:40 - INFO:  no match
2022-05-31 13:32:44 - INFO: Looking for CH: RD Leuchten AG in Bad Zurzach...
2022-05-31 13:33:21 - INFO:     Match (2): RD Leuchten AG-Zurzach
2022-05-31 13:33:41 - INFO: ----- START getRegisterScreenshot.py - CON0000030955 - isProduction False -----
2022-05-31 13:33:44 - INFO: CON0000030955: Addresses 6
2022-05-31 13:33:44 - INFO: Looking for DE: HYUNDAI AUTOEVER EUROPE GmbH in Offenbach am Main...
2022-05-31 13:33:58 - INFO:     Match (0): Hyundai AutoEver Europe GmbH-Offenbach am Main
2022-05-31 13:34:00 - INFO: Looking for DE: Blackspace GmbH in MÜNCHEN...
2022-05-31 13:34:15 - INFO:     Match (0): BLACKSPACE GmbH-München
2022-05-31 13:34:21 - INFO: Looking for KR: INNOCEAN WORLDWIDE INC in Seoul...
2022-05-31 13:34:54 - INFO:     Match (2): INNOCEAN WORLDWIDE INC.-Seoul
2022-05-31 13:35:14 - INFO: Looking for DE: Raytheon Professional Services GmbH in Rüsselsheim...
2022-05-31 13:35:29 - INFO:     Match (0): Raytheon Professional Services GmbH-Rüsselsheim
2022-05-31 13:35:30 - INFO: Looking for KR: Hyundai AutoEver in Seoul...
2022-05-31 13:36:09 - INFO:     Match (2): Hyundai Autoever Corp.-Seoul
2022-05-31 13:36:29 - INFO: Looking for GB: BCA Flett Solutions Ltd in Thurleigh, Bedfordshire, London...
2022-05-31 13:36:56 - INFO:  no match
2022-05-31 13:37:00 - INFO: ----- START getRegisterScreenshot.py - CON0000030952 - isProduction False -----
2022-05-31 13:37:03 - INFO: CON0000030952: Addresses 7
2022-05-31 13:37:03 - INFO: Looking for US: TREGO/DUGAN AVIATION, INC in location not specified...
2022-05-31 13:37:38 - INFO:  no match
2022-05-31 13:37:38 - INFO: Looking for NL: 200031856 in MUIDEN...
2022-05-31 13:37:38 - ERROR: Error in findDBHoovers: 'int' object has no attribute 'replace'
2022-05-31 13:37:38 - ERROR: Error in Main: local variable 'driver' referenced before assignment
2022-05-31 16:46:02 - ERROR: Error in Main: ('42000', "[42000] [Microsoft][ODBC Driver 11 for SQL Server][SQL Server]Incorrect syntax near ')'. (102) (SQLExecDirectW)")
2022-05-31 16:46:35 - INFO: ----- START getRegisterScreenshot.py - CON0000030952 - isProduction False -----
2022-05-31 16:46:35 - INFO: CON0000030952: Addresses 7
2022-05-31 16:46:35 - INFO: Looking for US: TREGO/DUGAN AVIATION, INC in location not specified...
2022-05-31 16:47:08 - INFO:  no match
2022-05-31 16:47:14 - INFO: Looking for NL: 200031856 in MUIDEN...
2022-05-31 16:47:42 - INFO:  no match
2022-05-31 16:47:44 - INFO: Looking for DE: 200006955 in MENDEN...
2022-05-31 16:47:44 - ERROR: Error in findHandelsregister: 'int' object has no attribute 'replace'Best match couldnt be found in column-list
2022-05-31 16:47:44 - ERROR: Error in Main: local variable 'driver' referenced before assignment
2022-05-31 16:56:19 - INFO: ----- START getRegisterScreenshot.py - CON0000030952 - isProduction False -----
2022-05-31 16:56:19 - INFO: CON0000030952: Addresses 7
2022-05-31 16:56:19 - INFO: Looking for US: TREGO/DUGAN AVIATION, INC in location not specified...
2022-05-31 16:56:54 - INFO:  no match
2022-05-31 16:57:01 - INFO: Looking for NL: 200031856 in MUIDEN...
2022-05-31 16:57:30 - INFO:  no match
2022-05-31 16:57:36 - INFO: Looking for DE: 200006955 in MENDEN...
2022-05-31 16:57:36 - ERROR: Error in findHandelsregister: 'int' object has no attribute 'replace'Best match couldnt be found in column-list
2022-05-31 16:57:36 - ERROR: Error in Main: local variable 'driver' referenced before assignment
2022-05-31 17:01:39 - INFO: ----- START getRegisterScreenshot.py - CON0000030952 - isProduction False -----
2022-05-31 17:01:39 - INFO: CON0000030952: Addresses 7
2022-05-31 17:01:39 - INFO: Looking for US: TREGO/DUGAN AVIATION, INC in location not specified...
2022-05-31 17:02:13 - INFO:  no match
2022-05-31 17:02:19 - INFO: Looking for NL: 200031856 in MUIDEN...
2022-05-31 17:02:19 - ERROR: Address is not a string
2022-05-31 17:02:19 - ERROR: Error in findDBHoovers: module 'selenium.webdriver' has no attribute 'driver'
2022-05-31 17:02:19 - ERROR: Error in Main: local variable 'driver' referenced before assignment
2022-05-31 17:03:31 - INFO: ----- START getRegisterScreenshot.py - CON0000030952 - isProduction False -----
2022-05-31 17:03:31 - INFO: CON0000030952: Addresses 7
2022-05-31 17:03:32 - INFO: Looking for US: TREGO/DUGAN AVIATION, INC in location not specified...
2022-05-31 17:04:13 - INFO:  no match
2022-05-31 17:04:19 - INFO: Looking for NL: 200031856 in MUIDEN...
2022-05-31 17:04:19 - ERROR: Address is not a string
2022-05-31 17:04:50 - INFO:  no match
2022-05-31 17:04:56 - INFO: Looking for DE: 200006955 in MENDEN...
2022-05-31 17:04:56 - ERROR: Error in findHandelsregister: 'int' object has no attribute 'replace'Best match couldnt be found in column-list
2022-05-31 17:04:56 - ERROR: Error in Main: local variable 'driver' referenced before assignment
2022-05-31 17:10:23 - INFO: ----- START getRegisterScreenshot.py - CON0000030952 - isProduction False -----
2022-05-31 17:10:24 - INFO: CON0000030952: Addresses 7
2022-05-31 17:10:24 - INFO: Looking for US: TREGO/DUGAN AVIATION, INC in location not specified...
2022-05-31 17:10:56 - INFO:  no match
2022-05-31 17:11:03 - INFO: Looking for NL: 200031856 in MUIDEN...
2022-05-31 17:11:03 - ERROR: Address is not a string
2022-05-31 17:11:03 - ERROR: Error in findDBHoovers: module 'selenium.webdriver' has no attribute 'close'
2022-05-31 17:11:03 - ERROR: Error in Main: local variable 'driver' referenced before assignment
2022-05-31 17:12:22 - INFO: ----- START getRegisterScreenshot.py - CON0000030952 - isProduction False -----
2022-05-31 17:12:23 - INFO: CON0000030952: Addresses 7
2022-05-31 17:12:23 - INFO: Looking for US: TREGO/DUGAN AVIATION, INC in location not specified...
2022-05-31 17:12:56 - INFO:  no match
2022-05-31 17:12:58 - INFO: Looking for NL: 200031856 in MUIDEN...
2022-05-31 17:12:58 - ERROR: Address is not a string
2022-05-31 17:13:27 - INFO:  no match
2022-05-31 17:13:33 - INFO: Looking for DE: 200006955 in MENDEN...
2022-05-31 17:13:33 - ERROR: Address is not a string
2022-05-31 17:13:33 - ERROR: Error in findHandelsregister: local variable 'nameSearch' referenced before assignmentBest match couldnt be found in column-list
2022-05-31 17:13:33 - ERROR: Error in Main: local variable 'driver' referenced before assignment
2022-05-31 17:15:40 - INFO: ----- START getRegisterScreenshot.py - CON0000030952 - isProduction False -----
2022-05-31 17:15:40 - INFO: CON0000030952: Addresses 7
2022-05-31 17:15:40 - INFO: Looking for US: TREGO/DUGAN AVIATION, INC in location not specified...
2022-05-31 17:16:16 - INFO:  no match
2022-05-31 17:16:22 - INFO: Looking for NL: 200031856 in MUIDEN...
2022-05-31 17:16:22 - ERROR: Address is not a string
2022-05-31 17:16:49 - INFO:  no match
2022-05-31 17:16:56 - INFO: Looking for DE: 200006955 in MENDEN...
2022-05-31 17:16:56 - ERROR: Address is not a string
2022-05-31 17:16:56 - ERROR: Error in findHandelsregister: 'int' object has no attribute 'replace'Best match couldnt be found in column-list
2022-05-31 17:16:56 - ERROR: Error in Main: local variable 'driver' referenced before assignment
2022-05-31 17:20:04 - ERROR: Address is not a string
2022-05-31 17:20:25 - ERROR: Address is not a string
2022-05-31 17:20:53 - ERROR: Address is not a string
2022-05-31 17:22:54 - ERROR: Address is not a string
2022-05-31 17:24:57 - INFO: ----- START getRegisterScreenshot.py - CON0000030952 - isProduction False -----
2022-05-31 17:24:57 - INFO: CON0000030952: Addresses 7
2022-05-31 17:24:57 - INFO: Looking for US: TREGO/DUGAN AVIATION, INC in location not specified...
2022-05-31 17:25:30 - INFO:  no match
2022-05-31 17:25:33 - INFO: Looking for NL: 200031856 in MUIDEN...
2022-05-31 17:25:33 - ERROR: Address is not a string
2022-05-31 17:26:00 - INFO:  no match
2022-05-31 17:26:06 - INFO: Looking for DE: 200006955 in MENDEN...
2022-05-31 17:26:20 - ERROR: Address is not a string
2022-05-31 17:26:53 - INFO:  no match
2022-05-31 17:26:59 - INFO: Looking for ZA: ABSOLUTE AIR PTY LTD in location not specified...
2022-05-31 17:27:32 - INFO:  no match
2022-05-31 17:27:35 - INFO: Looking for GB: 200000288 in CHRISTCHURCH, DORSET...
2022-05-31 17:27:35 - ERROR: Address is not a string
2022-05-31 17:28:02 - INFO:  no match
2022-05-31 17:28:08 - INFO: Looking for PT: 200001868 in PACO DE ARCOS...
2022-05-31 17:28:08 - ERROR: Address is not a string
2022-05-31 17:28:41 - INFO:  no match
2022-05-31 17:28:47 - INFO: Looking for DE: 200004340 in BREMEN...
2022-05-31 17:29:02 - ERROR: Address is not a string
2022-05-31 17:29:28 - INFO:  no match
2022-05-31 18:45:49 - INFO: ----- START getRegisterScreenshot.py - CON0000030952 - isProduction False -----
2022-05-31 18:45:50 - INFO: CON0000030952: Addresses 7
2022-05-31 18:45:50 - INFO: Looking for US: TREGO/DUGAN AVIATION, INC in location not specified...
2022-05-31 18:46:24 - INFO:  no match
2022-05-31 18:46:28 - INFO: Looking for NL: 200031856 in MUIDEN...
2022-05-31 18:46:28 - ERROR: Address is not a string
2022-05-31 18:46:55 - INFO:  no match
2022-05-31 18:46:55 - INFO: Looking for DE: 200006955 in MENDEN...
2022-05-31 18:47:07 - ERROR: Address is not a string
2022-05-31 18:47:39 - INFO:  no match
2022-05-31 18:47:43 - INFO: Looking for ZA: ABSOLUTE AIR PTY LTD in location not specified...
2022-05-31 18:48:22 - INFO:  no match
2022-05-31 18:48:22 - INFO: Looking for GB: 200000288 in CHRISTCHURCH, DORSET...
2022-05-31 18:48:22 - ERROR: Address is not a string
2022-05-31 18:48:49 - INFO:  no match
2022-05-31 18:48:54 - INFO: Looking for PT: 200001868 in PACO DE ARCOS...
2022-05-31 18:48:54 - ERROR: Address is not a string
2022-05-31 18:49:27 - INFO:  no match
2022-05-31 18:49:31 - INFO: Looking for DE: 200004340 in BREMEN...
2022-05-31 18:49:43 - ERROR: Address is not a string
2022-05-31 18:50:10 - INFO:  no match
