2022-06-01 09:30:37 - INFO: ----- START getRegisterScreenshot.py - CON0000030735 - isProduction False -----
2022-06-01 09:30:37 - INFO: CON0000030735: Addresses 12
2022-06-01 09:30:37 - INFO: Looking for DE: TELEFLEX MEDICAL GMBH in Fellbach...
2022-06-01 09:32:40 - INFO: ----- START getRegisterScreenshot.py - CON0000030892 - isProduction False -----
2022-06-01 09:32:41 - INFO: CON0000030892: Addresses 16
2022-06-01 09:32:41 - INFO: Looking for DE: OMV RETAIL DEUTSCHLAND  GmbH in BURGHAUSEN...
2022-06-01 09:33:00 - INFO:  no match
2022-06-01 09:33:39 - INFO:  no match
2022-06-01 09:33:42 - INFO: Looking for DE: ORLEN DEUTSCHLAND GmbH in ELMSHORN...
2022-06-01 09:34:00 - INFO:     Match (0): ORLEN Deutschland GmbH-Elmshorn
2022-06-01 09:34:05 - INFO: Looking for DE: TOTALENERGIES MARKETING DEUTSCHLAND GmbH in MUENSTER...
2022-06-01 09:34:23 - INFO:    Match (1): TotalEnergies Marketing Deutschland GmbH
2022-06-01 09:34:28 - INFO: Looking for DE: AS 24 TANKSERVICE  GmbH in BERLIN...
2022-06-01 09:35:23 - INFO:  no match
2022-06-01 09:35:30 - INFO: Looking for DE: HANSEATIC PETROL VERTRIEBS GmbH in BERLIN...
2022-06-01 09:35:48 - INFO:     Match (0): HPV Hanseatic Petrol Vertriebs GmbH-Berlin
2022-06-01 09:35:53 - INFO: Looking for DE: GLOBUS FACHMAERKTE GmbH & Co. KG in VOELKLINGEN...
2022-06-01 09:36:14 - INFO:  no match
2022-06-01 09:36:47 - INFO:  no match
2022-06-01 09:36:49 - INFO: Looking for DE: ENI DEUTSCHLAND GmbH in MUENCHEN...
2022-06-01 09:37:35 - INFO:  no match
2022-06-01 09:38:16 - INFO:     Match (2): Eni Deutschland GmbH-München
2022-06-01 09:38:35 - INFO: Looking for NL: LIQAL  BV in BREDA...
2022-06-01 09:39:09 - INFO:  no match
2022-06-01 09:39:15 - INFO: Looking for DE: STUTENSEE HORNUNG GbR in STUTENSEE...
2022-06-01 09:40:10 - INFO:  no match
2022-06-01 09:40:13 - INFO: Looking for DE: RHEINLAND KRAFTSTOFF  GmbH in GELSENKIRCHEN...
2022-06-01 09:40:32 - INFO:  no match
2022-06-01 09:41:11 - INFO:  no match
2022-06-01 09:41:14 - INFO: Looking for DE: BP EUROPA  SE in BOCHUM...
2022-06-01 09:41:32 - INFO:  no match
2022-06-01 09:42:16 - INFO:  no match
2022-06-01 09:42:21 - INFO: Looking for DE: ARTELIA (ENTWICKLUNG IH) GmbH in HAMBURG...
2022-06-01 10:15:15 - INFO: ----- START getRegisterScreenshot.py - CON0000030898 - isProduction False -----
2022-06-01 10:15:16 - INFO: CON0000030898: Addresses 5
2022-06-01 10:15:16 - INFO: Looking for DE: Finanz Informatik Technologie Service GmbH & Co. KG in Haar...
2022-06-01 10:15:34 - INFO:     Match (0): Finanz Informatik Technologie Service GmbH & Co. KG-Haar
2022-06-01 10:15:37 - INFO: Looking for DE: Deutsche Bank AG in Eschborn...
2022-06-01 10:15:59 - INFO:  no match
2022-06-01 10:16:41 - INFO:     Match (2): DEUTSCHE BANK AG-Jakarta Pusat
2022-06-01 10:16:58 - INFO: Looking for DE: Commerzbank AG in Frankfurt...
2022-06-01 10:17:17 - INFO:  no match
2022-06-01 10:18:00 - INFO:     Match (2): COMMERZBANK AG-Shinagawa-Ku
2022-06-01 10:18:16 - INFO: Looking for DE: Deutsche Pfandbriefbank AG in Garching...
2022-06-01 10:18:34 - INFO:    Match (1): Deutsche Pfandbriefbank AG
2022-06-01 10:18:36 - INFO: Looking for DE: ITERGO Informationstechnologie GmbH in Düsseldorf...
2022-06-01 10:19:23 - INFO:     Match (0): ITERGO Informationstechnologie GmbH-Düsseldorf
2022-06-01 10:19:27 - INFO: ----- START getRegisterScreenshot.py - CON0000030944 - isProduction False -----
2022-06-01 10:19:36 - INFO: CON0000030944: Addresses 3
2022-06-01 10:19:36 - INFO: Looking for DE: JACOBS GmbH in Aachen...
2022-06-01 10:20:22 - INFO:    Match (1): Jacobs GmbH
2022-06-01 10:20:22 - INFO:    Match (1): Jacobs GmbH
2022-06-01 10:20:26 - INFO: Looking for DE: Wahlen & Schabbach Elektroinstallations GmbH in Weiskirchen...
2022-06-01 10:21:16 - INFO:  no match
2022-06-01 10:21:16 - INFO: Looking for CH: RD Leuchten AG in Bad Zurzach...
2022-06-01 10:21:51 - INFO:     Match (2): RD Leuchten AG-Zurzach
2022-06-01 10:22:11 - INFO: ----- START getRegisterScreenshot.py - CON0000030952 - isProduction False -----
2022-06-01 10:22:22 - INFO: CON0000030952: Addresses 2
2022-06-01 10:22:22 - INFO: Looking for US: TREGO/DUGAN AVIATION, INC in location not specified...
2022-06-01 10:22:58 - INFO:  no match
2022-06-01 10:22:58 - INFO: Looking for ZA: ABSOLUTE AIR PTY LTD in location not specified...
2022-06-01 10:23:36 - INFO:  no match
2022-06-01 10:29:04 - INFO: ----- START getRegisterScreenshot.py - CON0000030944 - isProduction False -----
2022-06-01 10:29:04 - INFO: CON0000030944: Addresses 3
2022-06-01 10:29:04 - INFO: Looking for DE: JACOBS GmbH in Aachen...
2022-06-01 10:29:39 - INFO:    Match (1): Jacobs GmbH
2022-06-01 10:29:39 - INFO:    Match (1): Jacobs GmbH
2022-06-01 10:29:43 - INFO: Looking for DE: Wahlen & Schabbach Elektroinstallations GmbH in Weiskirchen...
2022-06-01 10:30:36 - INFO:  no match
2022-06-01 10:30:36 - INFO: Looking for CH: RD Leuchten AG in Bad Zurzach...
2022-06-01 10:31:13 - INFO:     Match (2): RD Leuchten AG-Zurzach
2022-06-01 10:31:29 - INFO: ----- START getRegisterScreenshot.py - CON0000030952 - isProduction False -----
2022-06-01 10:31:32 - INFO: CON0000030952: Addresses 7
2022-06-01 10:31:32 - INFO: Looking for US: TREGO/DUGAN AVIATION, INC in location not specified...
2022-06-01 10:32:10 - INFO:  no match
2022-06-01 10:32:10 - INFO: Looking for NL: 200031856 in MUIDEN...
2022-06-01 10:32:41 - INFO:  no match
2022-06-01 10:32:41 - INFO: Looking for DE: 200006955 in MENDEN...
2022-06-01 10:33:31 - INFO:  no match
2022-06-01 10:33:31 - INFO: Looking for ZA: ABSOLUTE AIR PTY LTD in location not specified...
2022-06-01 10:34:08 - INFO:  no match
2022-06-01 10:34:14 - INFO: Looking for GB: 200000288 in CHRISTCHURCH, DORSET...
2022-06-01 10:34:45 - INFO:  no match
2022-06-01 10:34:45 - INFO: Looking for PT: 200001868 in PACO DE ARCOS...
2022-06-01 10:35:21 - INFO:  no match
2022-06-01 10:35:21 - INFO: Looking for DE: 200004340 in BREMEN...
2022-06-01 10:36:06 - INFO:  no match
2022-06-01 11:10:51 - INFO: ----- START getRegisterScreenshot.py - CON0000029549 - isProduction False -----
2022-06-01 11:10:52 - INFO: CON0000029549: Addresses 2
2022-06-01 11:10:52 - INFO: Looking for DE: Heussen Rechtsanwaltsgesellschaft mbH in Stuttgart...
2022-06-01 11:11:09 - INFO:    Match (1): Heussen Rechtsanwaltsgesellschaft mbH
2022-06-01 11:11:11 - INFO: Looking for DE: Martini Mogg Vogt PARTGMBB in Koblenz...
2022-06-01 11:11:28 - INFO:  no match
2022-06-01 11:12:02 - INFO:  no match
2022-06-01 11:12:02 - INFO: ----- START getRegisterScreenshot.py - CON0000030789 - isProduction False -----
2022-06-01 11:12:07 - INFO: CON0000030789: Addresses 0
2022-06-01 11:12:07 - INFO: ----- START getRegisterScreenshot.py - CON0000030933 - isProduction False -----
2022-06-01 11:12:08 - INFO: CON0000030933: Addresses 1
2022-06-01 11:12:08 - INFO: Looking for DE: Commerzbank Rostock-Rostock in Rostock...
2022-06-01 11:12:51 - INFO:  no match
2022-06-01 11:12:51 - INFO: ----- START getRegisterScreenshot.py - CON0000030952 - isProduction False -----
2022-06-01 11:12:56 - INFO: CON0000030952: Addresses 7
2022-06-01 11:12:56 - INFO: Looking for US: TREGO/DUGAN AVIATION, INC in location not specified...
2022-06-01 11:13:30 - INFO:  no match
2022-06-01 11:13:31 - INFO: Looking for NL: 200031856 in MUIDEN...
2022-06-01 11:13:58 - INFO:  no match
2022-06-01 11:13:59 - INFO: Looking for DE: 200006955 in MENDEN...
2022-06-01 11:14:53 - INFO:  no match
2022-06-01 11:14:53 - INFO: Looking for ZA: ABSOLUTE AIR PTY LTD in location not specified...
2022-06-01 11:15:28 - INFO:  no match
2022-06-01 11:15:29 - INFO: Looking for GB: 200000288 in CHRISTCHURCH, DORSET...
2022-06-01 11:15:58 - INFO:  no match
2022-06-01 11:15:58 - INFO: Looking for PT: 200001868 in PACO DE ARCOS...
2022-06-01 11:16:36 - INFO:  no match
2022-06-01 11:16:36 - INFO: Looking for DE: 200004340 in BREMEN...
2022-06-01 11:29:08 - INFO: ----- START getRegisterScreenshot.py - CON0000029549 - isProduction False -----
2022-06-01 11:29:08 - INFO: CON0000029549: Addresses 2
2022-06-01 11:29:09 - INFO: Looking for DE: Heussen Rechtsanwaltsgesellschaft mbH in Stuttgart...
2022-06-01 11:29:24 - INFO:    Match (1): Heussen Rechtsanwaltsgesellschaft mbH
2022-06-01 11:29:25 - INFO: Looking for DE: Martini Mogg Vogt PARTGMBB in Koblenz...
2022-06-01 11:29:40 - INFO:  no match
2022-06-01 11:30:12 - INFO:  no match
2022-06-01 11:30:16 - INFO: ----- START getRegisterScreenshot.py - CON0000030789 - isProduction False -----
2022-06-01 11:30:20 - INFO: CON0000030789: Addresses 0
2022-06-01 11:30:20 - INFO: ----- START getRegisterScreenshot.py - CON0000030933 - isProduction False -----
2022-06-01 11:30:21 - INFO: CON0000030933: Addresses 1
2022-06-01 11:30:21 - INFO: Looking for DE: Commerzbank Rostock-Rostock in Rostock...
2022-06-01 11:30:58 - INFO:  no match
2022-06-01 11:31:02 - INFO: ----- START getRegisterScreenshot.py - CON0000030952 - isProduction False -----
2022-06-01 11:31:06 - INFO: CON0000030952: Addresses 7
2022-06-01 11:31:06 - INFO: Looking for US: TREGO/DUGAN AVIATION, INC in location not specified...
2022-06-01 11:31:38 - INFO:  no match
2022-06-01 11:31:42 - INFO: Looking for NL: 200031856 in MUIDEN...
2022-06-01 11:32:07 - INFO:  no match
2022-06-01 11:32:11 - INFO: Looking for DE: 200006955 in MENDEN...
2022-06-01 11:33:00 - INFO:  no match
2022-06-01 11:33:04 - INFO: Looking for ZA: ABSOLUTE AIR PTY LTD in location not specified...
2022-06-01 11:33:35 - INFO:  no match
2022-06-01 11:33:39 - INFO: Looking for GB: 200000288 in CHRISTCHURCH, DORSET...
2022-06-01 11:34:04 - INFO:  no match
2022-06-01 11:34:04 - INFO: Looking for PT: 200001868 in PACO DE ARCOS...
2022-06-01 11:34:34 - INFO:  no match
2022-06-01 11:34:38 - INFO: Looking for DE: 200004340 in BREMEN...
2022-06-01 11:35:14 - INFO:  no match
2022-06-01 11:35:18 - INFO: ----- START getRegisterScreenshot.py - CON0000030964 - isProduction False -----
2022-06-01 11:35:31 - INFO: CON0000030964: Addresses 11
2022-06-01 11:35:31 - INFO: Looking for DE: Transpharm Logistik GmbH in Ulm...
2022-06-01 11:35:46 - INFO:     Match (0): Transpharm Logistik GmbH-Ulm
2022-06-01 11:35:48 - INFO: Looking for DE: Loxxess Pharma GmbH in Geretsried-Gelting...
2022-06-01 11:36:03 - INFO:    Match (1): LOXXESS Pharma GmbH
2022-06-01 11:36:05 - INFO: Looking for DE: ADREXpharma GmbH in Koblenz...
2022-06-01 11:36:20 - INFO:     Match (0): adrexpharma GmbH-Koblenz
2022-06-01 11:36:22 - INFO: Looking for DE: G.L. Pharma Deutschland GmbH in Hamburg...
2022-06-01 11:36:38 - INFO:     Match (0): G.L. Pharma Deutschland GmbH-Hamburg
2022-06-01 11:36:40 - INFO: Looking for DE: CC Pharma GmbH in Densdorn...
2022-06-01 11:37:17 - INFO:  no match
2022-06-01 11:37:47 - INFO:     Match (2): CC Pharma GmbH-Densborn
2022-06-01 11:38:07 - INFO: Looking for DE: THCinol/CBDinol Can Pharma GmbH in Oranienburg...
2022-06-01 11:38:46 - INFO:  no match
2022-06-01 11:38:50 - INFO: Looking for DE: Canacur GmbH in Nürnberg...
2022-06-01 11:39:13 - INFO:     Match (0): canacur GmbH-Nürnberg
2022-06-01 11:39:15 - INFO: Looking for DE: Merckle GmbH in Ulm...
2022-06-01 11:39:31 - INFO:    Match (1): Merckle GmbH
2022-06-01 11:39:33 - INFO: Looking for DE: Hennig Arzneimittel GmbH & Co KG in Flörsheim...
2022-06-01 11:39:48 - INFO:    Match (1): Hennig Arzneimittel GmbH & Co KG
2022-06-01 11:39:52 - INFO: Looking for DE: MPA Pharma GmbH in Trittau...
2022-06-01 11:40:07 - INFO:     Match (0): MPA Pharma GmbH-Trittau
2022-06-01 11:40:09 - INFO: Looking for DE: Zentiva Pharma GmbH in Berlin...
2022-06-01 11:40:25 - INFO:    Match (1): Zentiva Pharma GmbH
2022-06-01 11:40:26 - INFO: ----- START getRegisterScreenshot.py - CON0000030883 - isProduction False -----
2022-06-01 11:40:41 - INFO: CON0000030883: Addresses 1
2022-06-01 11:40:41 - INFO: Looking for DE: Commerzbank Aktiengesellschaft-München in München...
2022-06-01 11:41:12 - INFO:  no match
2022-06-01 11:41:16 - INFO: ----- START getRegisterScreenshot.py - CON0000029549 - isProduction False -----
2022-06-01 11:41:21 - INFO: CON0000029549: Addresses 2
2022-06-01 11:41:21 - INFO: Looking for DE: Heussen Rechtsanwaltsgesellschaft mbH in Stuttgart...
2022-06-01 11:41:36 - INFO:    Match (1): Heussen Rechtsanwaltsgesellschaft mbH
2022-06-01 11:41:38 - INFO: Looking for DE: Martini Mogg Vogt PARTGMBB in Koblenz...
2022-06-01 11:41:53 - INFO:  no match
2022-06-01 11:42:27 - INFO:  no match
2022-06-01 11:42:31 - INFO: ----- START getRegisterScreenshot.py - CON0000030977 - isProduction False -----
2022-06-01 11:42:34 - INFO: CON0000030977: Addresses 5
2022-06-01 11:42:34 - INFO: Looking for DE: Hennig Arzneimittel GmbH & Co. KG in Flörsheim...
2022-06-01 11:42:49 - INFO:  no match
2022-06-01 11:43:21 - INFO:  no match
2022-06-01 11:43:26 - INFO: Looking for BE: Lavipharm S.A. in Peania...
2022-06-01 11:43:57 - INFO:     Match (2): LAVIPHARM S.A.-Paiania
2022-06-01 11:44:13 - INFO: Looking for DE: Glenmark Arzneimittel GmbH in Gröbenzell...
2022-06-01 11:44:28 - INFO:     Match (0): Glenmark Arzneimittel GmbH-Gröbenzell
2022-06-01 11:44:32 - INFO: Looking for DE: Aristo Pharma GmbH in Berlin...
2022-06-01 11:44:47 - INFO:     Match (0): Aristo Pharma GmbH-Berlin
2022-06-01 11:44:49 - INFO: Looking for DE: ALIUD Pharma GmbH in Laichingen...
2022-06-01 11:45:04 - INFO:     Match (0): ALIUD PHARMA GmbH-Laichingen
2022-06-01 11:45:07 - INFO: ----- START getRegisterScreenshot.py - CON0000030952 - isProduction False -----
2022-06-01 11:45:15 - INFO: CON0000030952: Addresses 7
2022-06-01 11:45:15 - INFO: Looking for US: TREGO/DUGAN AVIATION, INC in location not specified...
2022-06-01 11:45:50 - INFO:  no match
2022-06-01 11:45:54 - INFO: Looking for NL: 200031856 in MUIDEN...
2022-06-01 11:46:19 - INFO:  no match
2022-06-01 11:46:23 - INFO: Looking for DE: 200006955 in MENDEN...
2022-06-01 11:47:06 - INFO:  no match
2022-06-01 11:47:10 - INFO: Looking for ZA: ABSOLUTE AIR PTY LTD in location not specified...
2022-06-01 11:47:41 - INFO:  no match
2022-06-01 11:47:45 - INFO: Looking for GB: 200000288 in CHRISTCHURCH, DORSET...
2022-06-01 11:48:10 - INFO:  no match
2022-06-01 11:48:14 - INFO: Looking for PT: 200001868 in PACO DE ARCOS...
2022-06-01 11:48:54 - INFO:  no match
2022-06-01 11:48:54 - INFO: Looking for DE: 200004340 in BREMEN...
2022-06-01 11:49:36 - INFO:  no match
2022-06-01 11:49:40 - INFO: ----- START getRegisterScreenshot.py - CON0000030789 - isProduction False -----
2022-06-01 11:49:49 - INFO: CON0000030789: Addresses 0
2022-06-01 11:49:49 - INFO: ----- START getRegisterScreenshot.py - CON0000030933 - isProduction False -----
2022-06-01 11:49:49 - INFO: CON0000030933: Addresses 1
2022-06-01 11:49:49 - INFO: Looking for DE: Commerzbank Rostock-Rostock in Rostock...
2022-06-01 11:50:27 - INFO:  no match
2022-06-01 11:50:27 - INFO: ----- START getRegisterScreenshot.py - CON0000030935 - isProduction False -----
2022-06-01 11:50:32 - INFO: CON0000030935: Addresses 1
2022-06-01 11:50:32 - INFO: Looking for DE: Heimann & Partner mbB in Hamburg...
2022-06-01 11:50:47 - INFO:  no match
2022-06-01 11:51:18 - INFO:  no match
